2014-12-10 16:53:20,780 INFO - LoggingInitialized
2014-12-10 16:53:20,780 INFO - 
2014-12-10 16:53:20,780 INFO - Cúram Application Information
2014-12-10 16:53:20,780 INFO - IBM Curam SPM Platform Development
2014-12-10 16:53:20,780 INFO - 6.0.5.0
2014-12-10 16:53:20,795 INFO - Component Specific Licence Detected at 'E:\SW\Curam\CIL7NML_Curam605_SPM_DevInstall\IBM Curam SPM Platform V6.0.5 Development Installer\installers\.\license\IBM Curam SPM Platform Development'
2014-12-10 16:53:20,795 INFO - Expects License Files in E:\SW\Curam\CIL7NML_Curam605_SPM_DevInstall\IBM Curam SPM Platform V6.0.5 Development Installer\installers\.\license\IBM Curam SPM Platform Development
2014-12-10 16:53:20,795 INFO - Expecting License at 'E:\SW\Curam\CIL7NML_Curam605_SPM_DevInstall\IBM Curam SPM Platform V6.0.5 Development Installer\installers\.\license\IBM Curam SPM Platform Development'
2014-12-10 16:56:22,576 INFO - Organisation Name: MOLSA
2014-12-10 16:56:22,576 INFO - Organisation Address: Doha
2014-12-10 16:58:17,967 INFO - Calculate the list of installed and non-installed components.
2014-12-10 16:58:17,967 INFO - The calculation of installed and non-installed components has successfully completed.
2014-12-10 16:58:17,983 INFO - Calculating the SERVER_COMPONENT_ORDER and CLIENT_COMPONENT_ORDER.
2014-12-10 16:58:17,983 INFO - The Server Component Order is :custom,PlatformConfig,CommonIntake,Intake,ReferralsLite,PCR,CREOLEProgramRecommendation,SummaryViews,CitizenContextViewer,WorkspaceServices,CitizenWorkspaceAdmin,FundPM,DecisionAssist,DynamicEvidence,CEFWidgets,CMISInfrastructure,CMIS,IntelligentEvidenceGathering,Datastore,Editors,SupervisorWorkspace,Verification,ServicePlans,sample,CTMInfrastructure,SamplePublicAccess,PersistenceInfrastructure,EvidenceBroker,CuramFinancialAdapter,CuramMDAdapter,CREOLEInfrastructure,Advisor,EvidenceSharing,PDC,EvidenceFlow,PFMAppViews,Workflow,ValidationManager,EventAdaptor
2014-12-10 16:58:17,983 INFO - The Client Component Order is :custom,PlatformConfig,CommonIntake,Intake,ReferralsLite,PCR,CREOLEProgramRecommendation,SummaryViews,CitizenContextViewer,WorkspaceServices,CitizenWorkspaceAdmin,FundPM,DecisionAssist,DynamicEvidence,CEFWidgets,IntelligentEvidenceGathering,Datastore,Editors,SupervisorWorkspace,Verification,ServicePlans,sample,CTMInfrastructure,SamplePublicAccess,SamplePublicAccessExternal,EvidenceBroker,CuramFinancialAdapter,CuramMDAdapter,Advisor,EvidenceSharing,PDC,EvidenceFlow,EventAdaptor,ValidationManager
2014-12-10 16:58:17,983 INFO - The calculation of the SERVER_COMPONENT_ORDER and CLIENT_COMPONENT_ORDER is complete.
2014-12-10 16:58:17,983 INFO - Updating Cúram files.
2014-12-10 16:58:17,983 INFO - Removing non installed components from the .classpath file.
2014-12-10 16:58:18,311 INFO - The .classpath file has been successfully updated.
2014-12-10 16:58:18,311 INFO - The update to the webclient.classpath file is scomplete.
2014-12-10 16:58:18,311 INFO - Removing non installed components from the DeploymentPackaging file.
2014-12-10 16:58:18,326 INFO - Removing uninistalled components from the deploiyment_packaging.xml file.
2014-12-10 16:58:18,326 INFO - The deployment_packaging.xml file has been successfully updated.
2014-12-10 16:58:18,326 INFO - The DeploymentPackaging has been successfully updated.
2014-12-10 16:58:18,326 INFO - The update to the Cúram files has completed.
2014-12-10 16:58:18,326 INFO - Updating the Boostrap.properties file.
2014-12-10 16:58:37,576 INFO - The Boostrap.properties file has been successfully updated.
2014-12-10 16:58:37,576 INFO - Reporting update is not required.
2014-12-10 16:58:37,576 INFO - Documenting installed components.
2014-12-10 16:58:37,576 INFO - The installed components has been successfully documented.
2014-12-10 16:58:37,576 INFO - Documenting installation history.
2014-12-10 16:58:37,592 INFO - The Installhistory.txt has been successfully documented.
2014-12-10 16:58:37,592 INFO - Create the environment batch file.
2014-12-10 16:58:37,592 INFO - Setting ' SERVER_LOCALE_LIST ' to ' en_US,en_GB,en '.
2014-12-10 16:58:37,592 INFO - Setting ' LOCALE_LIST ' to ' en_US,en_GB,en '.
2014-12-10 16:58:37,592 INFO - Setting ' SERVER_MODEL_NAME ' to ' Curam '.
2014-12-10 16:58:37,592 INFO - Setting ' SERVER_DIR ' to ' E:\CuramDev\Curam605\EJBServer '.
2014-12-10 16:58:37,592 INFO - Setting ' CURAM_DIR ' to ' E:\CuramDev\Curam605 '.
2014-12-10 16:58:37,592 INFO - Setting ' CURAMSDEJ ' to ' E:\CuramDev\Curam605\CuramSDEJ '.
2014-12-10 16:58:37,592 INFO - Setting ' CLIENT_PROJECT_NAME ' to ' Curam '.
2014-12-10 16:58:37,592 INFO - Setting ' CLIENT_DIR ' to ' E:\CuramDev\Curam605\webclient '.
2014-12-10 16:58:37,592 INFO - Setting ' CURAMCDEJ ' to ' E:\CuramDev\Curam605\CuramCDEJ '.
2014-12-10 16:58:37,608 INFO - Setting ' SERVER_COMPONENT_ORDER ' to ' custom,PlatformConfig,CommonIntake,Intake,ReferralsLite,PCR,CREOLEProgramRecommendation,SummaryViews,CitizenContextViewer,WorkspaceServices,CitizenWorkspaceAdmin,FundPM,DecisionAssist,DynamicEvidence,CEFWidgets,CMISInfrastructure,CMIS,IntelligentEvidenceGathering,Datastore,Editors,SupervisorWorkspace,Verification,ServicePlans,sample,CTMInfrastructure,SamplePublicAccess,PersistenceInfrastructure,EvidenceBroker,CuramFinancialAdapter,CuramMDAdapter,CREOLEInfrastructure,Advisor,EvidenceSharing,PDC,EvidenceFlow,PFMAppViews,Workflow,ValidationManager,EventAdaptor '.
2014-12-10 16:58:37,608 INFO - Setting ' CLIENT_COMPONENT_ORDER ' to ' custom,PlatformConfig,CommonIntake,Intake,ReferralsLite,PCR,CREOLEProgramRecommendation,SummaryViews,CitizenContextViewer,WorkspaceServices,CitizenWorkspaceAdmin,FundPM,DecisionAssist,DynamicEvidence,CEFWidgets,IntelligentEvidenceGathering,Datastore,Editors,SupervisorWorkspace,Verification,ServicePlans,sample,CTMInfrastructure,SamplePublicAccess,SamplePublicAccessExternal,EvidenceBroker,CuramFinancialAdapter,CuramMDAdapter,Advisor,EvidenceSharing,PDC,EvidenceFlow,EventAdaptor,ValidationManager '.
2014-12-10 16:58:37,608 INFO - Setting ' DOCMAKER_HOME ' to ' E:\CuramDev\Curam605\DocMaker '.
2014-12-10 16:58:37,608 INFO - The environment batch file has been created successfully.
2014-12-10 16:58:37,608 INFO - Setting ' SERVER_LOCALE_LIST ' to ' en_US,en_GB,en '.
2014-12-10 16:58:37,608 INFO - Setting ' LOCALE_LIST ' to ' en_US,en_GB,en '.
2014-12-10 16:58:37,608 INFO - Setting ' SERVER_MODEL_NAME ' to ' Curam '.
2014-12-10 16:58:37,608 INFO - Setting ' SERVER_DIR ' to ' E:\CuramDev\Curam605\EJBServer '.
2014-12-10 16:58:37,608 INFO - Setting ' CURAM_DIR ' to ' E:\CuramDev\Curam605 '.
2014-12-10 16:58:37,608 INFO - Setting ' CURAMSDEJ ' to ' E:\CuramDev\Curam605\CuramSDEJ '.
2014-12-10 16:58:37,608 INFO - Setting ' CLIENT_PROJECT_NAME ' to ' Curam '.
2014-12-10 16:58:37,608 INFO - Setting ' CLIENT_DIR ' to ' E:\CuramDev\Curam605\webclient '.
2014-12-10 16:58:37,608 INFO - Setting ' CURAMCDEJ ' to ' E:\CuramDev\Curam605\CuramCDEJ '.
2014-12-10 16:58:37,608 INFO - Setting ' SERVER_COMPONENT_ORDER ' to ' custom,PlatformConfig,CommonIntake,Intake,ReferralsLite,PCR,CREOLEProgramRecommendation,SummaryViews,CitizenContextViewer,WorkspaceServices,CitizenWorkspaceAdmin,FundPM,DecisionAssist,DynamicEvidence,CEFWidgets,CMISInfrastructure,CMIS,IntelligentEvidenceGathering,Datastore,Editors,SupervisorWorkspace,Verification,ServicePlans,sample,CTMInfrastructure,SamplePublicAccess,PersistenceInfrastructure,EvidenceBroker,CuramFinancialAdapter,CuramMDAdapter,CREOLEInfrastructure,Advisor,EvidenceSharing,PDC,EvidenceFlow,PFMAppViews,Workflow,ValidationManager,EventAdaptor '.
2014-12-10 16:58:37,608 INFO - Setting ' CLIENT_COMPONENT_ORDER ' to ' custom,PlatformConfig,CommonIntake,Intake,ReferralsLite,PCR,CREOLEProgramRecommendation,SummaryViews,CitizenContextViewer,WorkspaceServices,CitizenWorkspaceAdmin,FundPM,DecisionAssist,DynamicEvidence,CEFWidgets,IntelligentEvidenceGathering,Datastore,Editors,SupervisorWorkspace,Verification,ServicePlans,sample,CTMInfrastructure,SamplePublicAccess,SamplePublicAccessExternal,EvidenceBroker,CuramFinancialAdapter,CuramMDAdapter,Advisor,EvidenceSharing,PDC,EvidenceFlow,EventAdaptor,ValidationManager '.
2014-12-10 16:58:37,608 INFO - Setting ' DOCMAKER_HOME ' to ' E:\CuramDev\Curam605\DocMaker '.
2014-12-10 16:58:37,608 INFO - The environment batch file has been created successfully.
2014-12-10 16:58:37,623 INFO - Removing temporary files from disk.
2014-12-10 16:58:37,623 INFO - Temporary files have been removed.
2014-12-10 16:58:37,623 INFO - Processing Complete! Click "Next" to Continue.
2014-12-10 17:02:55,701 INFO - LoggingInitialized
2014-12-10 17:02:55,701 INFO - 
2014-12-10 17:02:55,701 INFO - Cúram Application Information
2014-12-10 17:02:55,701 INFO - IBM Curam Universal Access Development
2014-12-10 17:02:55,701 INFO - 6.0.5.0
2014-12-10 17:02:55,717 INFO - Component Specific Licence Detected at 'E:\SW\Curam\CIL81ML_Curam605_UA_DevInstall\IBM Curam Universal Access V6.0.5 Development Installer\installers\.\license\IBM Curam Universal Access Development'
2014-12-10 17:02:55,717 INFO - Expects License Files in E:\SW\Curam\CIL81ML_Curam605_UA_DevInstall\IBM Curam Universal Access V6.0.5 Development Installer\installers\.\license\IBM Curam Universal Access Development
2014-12-10 17:02:55,717 INFO - Expecting License at 'E:\SW\Curam\CIL81ML_Curam605_UA_DevInstall\IBM Curam Universal Access V6.0.5 Development Installer\installers\.\license\IBM Curam Universal Access Development'
2014-12-10 17:02:58,795 INFO - LoggingInitialized
2014-12-10 17:02:58,795 INFO - 
2014-12-10 17:02:58,795 INFO - Cúram Application Information
2014-12-10 17:02:58,795 INFO - IBM Curam Universal Access Development
2014-12-10 17:02:58,795 INFO - 6.0.5.0
2014-12-10 17:02:58,951 INFO - Pre-installation Checks Complete.
2014-12-10 17:03:03,373 INFO - Calculate the list of installed and non-installed components.
2014-12-10 17:03:03,389 INFO - The calculation of installed and non-installed components has successfully completed.
2014-12-10 17:03:03,389 INFO - Calculating the SERVER_COMPONENT_ORDER and CLIENT_COMPONENT_ORDER.
2014-12-10 17:03:03,389 INFO - The Server Component Order is :custom,PlatformConfig,CommonIntake,Intake,ReferralsLite,PCR,CREOLEProgramRecommendation,SummaryViews,CitizenWorkspace,CitizenContextViewer,WorkspaceServices,CitizenWorkspaceAdmin,FundPM,DecisionAssist,DynamicEvidence,CEFWidgets,CMISInfrastructure,CMIS,IntelligentEvidenceGathering,Datastore,Editors,SupervisorWorkspace,Verification,ServicePlans,sample,CTMInfrastructure,SamplePublicAccess,PersistenceInfrastructure,EvidenceBroker,CuramFinancialAdapter,CuramMDAdapter,CREOLEInfrastructure,Advisor,EvidenceSharing,PDC,EvidenceFlow,PFMAppViews,Workflow,ValidationManager,EventAdaptor
2014-12-10 17:03:03,389 INFO - The Client Component Order is :custom,PlatformConfig,CommonIntake,Intake,ReferralsLite,PCR,CREOLEProgramRecommendation,SummaryViews,CitizenContextViewer,CitizenAccount,WorkspaceServices,CitizenWorkspace,CitizenWorkspaceAdmin,FundPM,DecisionAssist,DynamicEvidence,CEFWidgets,IntelligentEvidenceGathering,Datastore,Editors,SupervisorWorkspace,Verification,ServicePlans,sample,CTMInfrastructure,SamplePublicAccess,SamplePublicAccessExternal,EvidenceBroker,CuramFinancialAdapter,CuramMDAdapter,Advisor,EvidenceSharing,PDC,EvidenceFlow,EventAdaptor,ValidationManager
2014-12-10 17:03:03,405 INFO - The calculation of the SERVER_COMPONENT_ORDER and CLIENT_COMPONENT_ORDER is complete.
2014-12-10 17:03:03,405 INFO - Documenting installed components.
2014-12-10 17:03:03,498 INFO - The installed components has been successfully documented.
2014-12-10 17:03:03,498 INFO - Documenting installation history.
2014-12-10 17:03:03,498 INFO - The Installhistory.txt has been successfully documented.
2014-12-10 17:03:03,498 INFO - Updating Cúram files.
2014-12-10 17:03:03,498 INFO - Removing non installed components from the .classpath file.
2014-12-10 17:03:03,623 INFO - The .classpath file has been successfully updated.
2014-12-10 17:03:03,623 INFO - The update to the webclient.classpath file is scomplete.
2014-12-10 17:03:03,623 INFO - Removing non installed components from the DeploymentPackaging file.
2014-12-10 17:03:03,623 INFO - Removing uninistalled components from the deploiyment_packaging.xml file.
2014-12-10 17:03:03,623 INFO - The deployment_packaging.xml file has been successfully updated.
2014-12-10 17:03:03,623 INFO - The DeploymentPackaging has been successfully updated.
2014-12-10 17:03:03,623 INFO - The update to the Cúram files has completed.
2014-12-10 17:03:03,623 INFO - Create the environment batch file.
2014-12-10 17:03:03,639 INFO - Setting ' CLIENT_COMPONENT_ORDER ' to ' custom,PlatformConfig,CommonIntake,Intake,ReferralsLite,PCR,CREOLEProgramRecommendation,SummaryViews,CitizenContextViewer,CitizenAccount,WorkspaceServices,CitizenWorkspace,CitizenWorkspaceAdmin,FundPM,DecisionAssist,DynamicEvidence,CEFWidgets,IntelligentEvidenceGathering,Datastore,Editors,SupervisorWorkspace,Verification,ServicePlans,sample,CTMInfrastructure,SamplePublicAccess,SamplePublicAccessExternal,EvidenceBroker,CuramFinancialAdapter,CuramMDAdapter,Advisor,EvidenceSharing,PDC,EvidenceFlow,EventAdaptor,ValidationManager '.
2014-12-10 17:03:03,639 INFO - Setting ' SERVER_COMPONENT_ORDER ' to ' custom,PlatformConfig,CommonIntake,Intake,ReferralsLite,PCR,CREOLEProgramRecommendation,SummaryViews,CitizenWorkspace,CitizenContextViewer,WorkspaceServices,CitizenWorkspaceAdmin,FundPM,DecisionAssist,DynamicEvidence,CEFWidgets,CMISInfrastructure,CMIS,IntelligentEvidenceGathering,Datastore,Editors,SupervisorWorkspace,Verification,ServicePlans,sample,CTMInfrastructure,SamplePublicAccess,PersistenceInfrastructure,EvidenceBroker,CuramFinancialAdapter,CuramMDAdapter,CREOLEInfrastructure,Advisor,EvidenceSharing,PDC,EvidenceFlow,PFMAppViews,Workflow,ValidationManager,EventAdaptor '.
2014-12-10 17:03:03,639 INFO - The environment batch file has been created successfully.
2014-12-10 17:03:03,639 INFO - Setting ' CLIENT_COMPONENT_ORDER ' to ' custom,PlatformConfig,CommonIntake,Intake,ReferralsLite,PCR,CREOLEProgramRecommendation,SummaryViews,CitizenContextViewer,CitizenAccount,WorkspaceServices,CitizenWorkspace,CitizenWorkspaceAdmin,FundPM,DecisionAssist,DynamicEvidence,CEFWidgets,IntelligentEvidenceGathering,Datastore,Editors,SupervisorWorkspace,Verification,ServicePlans,sample,CTMInfrastructure,SamplePublicAccess,SamplePublicAccessExternal,EvidenceBroker,CuramFinancialAdapter,CuramMDAdapter,Advisor,EvidenceSharing,PDC,EvidenceFlow,EventAdaptor,ValidationManager '.
2014-12-10 17:03:03,639 INFO - Setting ' SERVER_COMPONENT_ORDER ' to ' custom,PlatformConfig,CommonIntake,Intake,ReferralsLite,PCR,CREOLEProgramRecommendation,SummaryViews,CitizenWorkspace,CitizenContextViewer,WorkspaceServices,CitizenWorkspaceAdmin,FundPM,DecisionAssist,DynamicEvidence,CEFWidgets,CMISInfrastructure,CMIS,IntelligentEvidenceGathering,Datastore,Editors,SupervisorWorkspace,Verification,ServicePlans,sample,CTMInfrastructure,SamplePublicAccess,PersistenceInfrastructure,EvidenceBroker,CuramFinancialAdapter,CuramMDAdapter,CREOLEInfrastructure,Advisor,EvidenceSharing,PDC,EvidenceFlow,PFMAppViews,Workflow,ValidationManager,EventAdaptor '.
2014-12-10 17:03:03,639 INFO - The environment batch file has been created successfully.
2014-12-10 17:03:03,655 INFO - Removing temporary files from disk.
2014-12-10 17:03:03,655 INFO - Temporary files have been removed.
2014-12-10 17:03:03,655 INFO - Processing Complete! Click "Next" to Continue.
2014-12-10 17:05:01,514 INFO - LoggingInitialized
2014-12-10 17:05:01,514 INFO - 
2014-12-10 17:05:01,514 INFO - Cúram Application Information
2014-12-10 17:05:01,514 INFO - IBM Curam Business Intelligence and Analytics Development
2014-12-10 17:05:01,514 INFO - 6.0.5.0
2014-12-10 17:05:01,530 INFO - Component Specific Licence Detected at 'E:\SW\Curam\CIL7ZML_Curam605_BIA_DevInstall\IBM Curam BIA V6.0.5 Development Installer\installers\.\license\IBM Curam Business Intelligence and Analytics Development'
2014-12-10 17:05:01,530 INFO - Expects License Files in E:\SW\Curam\CIL7ZML_Curam605_BIA_DevInstall\IBM Curam BIA V6.0.5 Development Installer\installers\.\license\IBM Curam Business Intelligence and Analytics Development
2014-12-10 17:05:01,530 INFO - Expecting License at 'E:\SW\Curam\CIL7ZML_Curam605_BIA_DevInstall\IBM Curam BIA V6.0.5 Development Installer\installers\.\license\IBM Curam Business Intelligence and Analytics Development'
2014-12-10 17:05:07,061 INFO - LoggingInitialized
2014-12-10 17:05:07,061 INFO - 
2014-12-10 17:05:07,061 INFO - Cúram Application Information
2014-12-10 17:05:07,061 INFO - IBM Curam Business Intelligence and Analytics Development
2014-12-10 17:05:07,061 INFO - 6.0.5.0
2014-12-10 17:05:07,201 INFO - Pre-installation Checks Complete.
2014-12-10 17:05:20,358 INFO - Calculate the list of installed and non-installed components.
2014-12-10 17:05:20,373 INFO - The calculation of installed and non-installed components has successfully completed.
2014-12-10 17:05:20,373 INFO - Calculating the SERVER_COMPONENT_ORDER and CLIENT_COMPONENT_ORDER.
2014-12-10 17:05:20,373 INFO - The Server Component Order is :custom,PlatformConfig,CommonIntake,Intake,ReferralsLite,PCR,CREOLEProgramRecommendation,SummaryViews,CitizenWorkspace,CitizenContextViewer,WorkspaceServices,CitizenWorkspaceAdmin,FundPM,DecisionAssist,DynamicEvidence,CEFWidgets,CMISInfrastructure,CMIS,IntelligentEvidenceGathering,Datastore,Editors,SupervisorWorkspace,Verification,ServicePlans,sample,CTMInfrastructure,SamplePublicAccess,PersistenceInfrastructure,EvidenceBroker,CuramFinancialAdapter,CuramMDAdapter,CREOLEInfrastructure,Advisor,EvidenceSharing,PDC,EvidenceFlow,PFMAppViews,Workflow,ValidationManager,EventAdaptor
2014-12-10 17:05:20,373 INFO - The Client Component Order is :custom,PlatformConfig,CommonIntake,Intake,ReferralsLite,PCR,CREOLEProgramRecommendation,SummaryViews,CitizenContextViewer,CitizenAccount,WorkspaceServices,CitizenWorkspace,CitizenWorkspaceAdmin,FundPM,DecisionAssist,DynamicEvidence,CEFWidgets,IntelligentEvidenceGathering,Datastore,Editors,SupervisorWorkspace,Verification,ServicePlans,sample,CTMInfrastructure,SamplePublicAccess,SamplePublicAccessExternal,EvidenceBroker,CuramFinancialAdapter,CuramMDAdapter,Advisor,EvidenceSharing,PDC,EvidenceFlow,EventAdaptor,ValidationManager
2014-12-10 17:05:20,373 INFO - The calculation of the SERVER_COMPONENT_ORDER and CLIENT_COMPONENT_ORDER is complete.
2014-12-10 17:05:20,373 INFO - Documenting installed components.
2014-12-10 17:05:20,498 INFO - The installed components has been successfully documented.
2014-12-10 17:05:20,498 INFO - Documenting installation history.
2014-12-10 17:05:20,498 INFO - The Installhistory.txt has been successfully documented.
2014-12-10 17:05:20,514 INFO - Updating Cúram files.
2014-12-10 17:05:20,514 INFO - Removing non installed components from the .classpath file.
2014-12-10 17:05:20,717 INFO - The .classpath file has been successfully updated.
2014-12-10 17:05:20,717 INFO - The update to the webclient.classpath file is scomplete.
2014-12-10 17:05:20,717 INFO - Removing non installed components from the DeploymentPackaging file.
2014-12-10 17:05:20,717 INFO - Removing uninistalled components from the deploiyment_packaging.xml file.
2014-12-10 17:05:20,717 INFO - The deployment_packaging.xml file has been successfully updated.
2014-12-10 17:05:20,733 INFO - The DeploymentPackaging has been successfully updated.
2014-12-10 17:05:20,733 INFO - The update to the Cúram files has completed.
2014-12-10 17:05:20,733 INFO - Create the environment batch file.
2014-12-10 17:05:20,748 INFO - Setting ' CLIENT_COMPONENT_ORDER ' to ' custom,PlatformConfig,CommonIntake,Intake,ReferralsLite,PCR,CREOLEProgramRecommendation,SummaryViews,CitizenContextViewer,CitizenAccount,WorkspaceServices,CitizenWorkspace,CitizenWorkspaceAdmin,FundPM,DecisionAssist,DynamicEvidence,CEFWidgets,IntelligentEvidenceGathering,Datastore,Editors,SupervisorWorkspace,Verification,ServicePlans,sample,CTMInfrastructure,SamplePublicAccess,SamplePublicAccessExternal,EvidenceBroker,CuramFinancialAdapter,CuramMDAdapter,Advisor,EvidenceSharing,PDC,EvidenceFlow,EventAdaptor,ValidationManager '.
2014-12-10 17:05:20,748 INFO - Setting ' SERVER_COMPONENT_ORDER ' to ' custom,PlatformConfig,CommonIntake,Intake,ReferralsLite,PCR,CREOLEProgramRecommendation,SummaryViews,CitizenWorkspace,CitizenContextViewer,WorkspaceServices,CitizenWorkspaceAdmin,FundPM,DecisionAssist,DynamicEvidence,CEFWidgets,CMISInfrastructure,CMIS,IntelligentEvidenceGathering,Datastore,Editors,SupervisorWorkspace,Verification,ServicePlans,sample,CTMInfrastructure,SamplePublicAccess,PersistenceInfrastructure,EvidenceBroker,CuramFinancialAdapter,CuramMDAdapter,CREOLEInfrastructure,Advisor,EvidenceSharing,PDC,EvidenceFlow,PFMAppViews,Workflow,ValidationManager,EventAdaptor '.
2014-12-10 17:05:20,764 INFO - The environment batch file has been created successfully.
2014-12-10 17:05:20,764 INFO - Setting ' CLIENT_COMPONENT_ORDER ' to ' custom,PlatformConfig,CommonIntake,Intake,ReferralsLite,PCR,CREOLEProgramRecommendation,SummaryViews,CitizenContextViewer,CitizenAccount,WorkspaceServices,CitizenWorkspace,CitizenWorkspaceAdmin,FundPM,DecisionAssist,DynamicEvidence,CEFWidgets,IntelligentEvidenceGathering,Datastore,Editors,SupervisorWorkspace,Verification,ServicePlans,sample,CTMInfrastructure,SamplePublicAccess,SamplePublicAccessExternal,EvidenceBroker,CuramFinancialAdapter,CuramMDAdapter,Advisor,EvidenceSharing,PDC,EvidenceFlow,EventAdaptor,ValidationManager '.
2014-12-10 17:05:20,764 INFO - Setting ' SERVER_COMPONENT_ORDER ' to ' custom,PlatformConfig,CommonIntake,Intake,ReferralsLite,PCR,CREOLEProgramRecommendation,SummaryViews,CitizenWorkspace,CitizenContextViewer,WorkspaceServices,CitizenWorkspaceAdmin,FundPM,DecisionAssist,DynamicEvidence,CEFWidgets,CMISInfrastructure,CMIS,IntelligentEvidenceGathering,Datastore,Editors,SupervisorWorkspace,Verification,ServicePlans,sample,CTMInfrastructure,SamplePublicAccess,PersistenceInfrastructure,EvidenceBroker,CuramFinancialAdapter,CuramMDAdapter,CREOLEInfrastructure,Advisor,EvidenceSharing,PDC,EvidenceFlow,PFMAppViews,Workflow,ValidationManager,EventAdaptor '.
2014-12-10 17:05:20,764 INFO - The environment batch file has been created successfully.
2014-12-10 17:05:20,764 INFO - Removing temporary files from disk.
2014-12-10 17:05:20,780 INFO - Temporary files have been removed.
2014-12-10 17:05:20,780 INFO - Processing Complete! Click "Next" to Continue.
2014-12-10 17:06:28,045 INFO - LoggingInitialized
2014-12-10 17:06:28,045 INFO - 
2014-12-10 17:06:28,045 INFO - Cúram Application Information
2014-12-10 17:06:28,045 INFO - IBM Curam Provider Mgmt Development
2014-12-10 17:06:28,045 INFO - 6.0.5.0
2014-12-10 17:06:28,061 INFO - Component Specific Licence Detected at 'E:\SW\Curam\CIL7XML_Curam605_PM_DevInstall\IBM Curam Provider Management V6.0.5 Development Installer\installers\.\license\IBM Curam Provider Mgmt Development'
2014-12-10 17:06:28,061 INFO - Expects License Files in E:\SW\Curam\CIL7XML_Curam605_PM_DevInstall\IBM Curam Provider Management V6.0.5 Development Installer\installers\.\license\IBM Curam Provider Mgmt Development
2014-12-10 17:06:28,061 INFO - Expecting License at 'E:\SW\Curam\CIL7XML_Curam605_PM_DevInstall\IBM Curam Provider Management V6.0.5 Development Installer\installers\.\license\IBM Curam Provider Mgmt Development'
2014-12-10 17:06:32,686 INFO - LoggingInitialized
2014-12-10 17:06:32,686 INFO - 
2014-12-10 17:06:32,686 INFO - Cúram Application Information
2014-12-10 17:06:32,686 INFO - IBM Curam Provider Mgmt Development
2014-12-10 17:06:32,686 INFO - 6.0.5.0
2014-12-10 17:06:32,920 INFO - Pre-installation Checks Complete.
2014-12-10 17:06:44,826 INFO - Calculate the list of installed and non-installed components.
2014-12-10 17:06:44,842 INFO - The calculation of installed and non-installed components has successfully completed.
2014-12-10 17:06:44,842 INFO - Calculating the SERVER_COMPONENT_ORDER and CLIENT_COMPONENT_ORDER.
2014-12-10 17:06:44,842 INFO - The Server Component Order is :custom,PlatformConfig,CommonIntake,Intake,ReferralsLite,CPMReferralsLite,PCR,CREOLEProgramRecommendation,SummaryViews,CitizenWorkspace,CitizenContextViewer,WorkspaceServices,CitizenWorkspaceAdmin,FundPM,DecisionAssist,CPMSample,CPM,ProviderServicePlan,DynamicEvidence,CEFWidgets,CMISInfrastructure,CMIS,IntelligentEvidenceGathering,Datastore,Editors,SupervisorWorkspace,Verification,ServicePlans,sample,CTMInfrastructure,SamplePublicAccess,PersistenceInfrastructure,EvidenceBroker,CuramFinancialAdapter,CuramMDAdapter,CREOLEInfrastructure,Advisor,EvidenceSharing,PDC,EvidenceFlow,PFMAppViews,Workflow,ValidationManager,EventAdaptor
2014-12-10 17:06:44,842 INFO - The Client Component Order is :custom,PlatformConfig,CommonIntake,Intake,ReferralsLite,CPMReferralsLite,PCR,CREOLEProgramRecommendation,SummaryViews,CitizenContextViewer,CitizenAccount,WorkspaceServices,CitizenWorkspace,CitizenWorkspaceAdmin,FundPM,DecisionAssist,CPM,CPMExternalSecure,CPMExternalNonSecure,CPMSample,ProviderServicePlan,DynamicEvidence,CEFWidgets,IntelligentEvidenceGathering,Datastore,Editors,SupervisorWorkspace,Verification,ServicePlans,sample,CTMInfrastructure,SamplePublicAccess,SamplePublicAccessExternal,EvidenceBroker,CuramFinancialAdapter,CuramMDAdapter,Advisor,EvidenceSharing,PDC,EvidenceFlow,EventAdaptor,ValidationManager
2014-12-10 17:06:44,842 INFO - The calculation of the SERVER_COMPONENT_ORDER and CLIENT_COMPONENT_ORDER is complete.
2014-12-10 17:06:44,858 INFO - Documenting installed components.
2014-12-10 17:06:45,014 INFO - The installed components has been successfully documented.
2014-12-10 17:06:45,014 INFO - Documenting installation history.
2014-12-10 17:06:45,014 INFO - The Installhistory.txt has been successfully documented.
2014-12-10 17:06:45,030 INFO - Updating Cúram files.
2014-12-10 17:06:45,030 INFO - Removing non installed components from the .classpath file.
2014-12-10 17:06:45,389 INFO - The .classpath file has been successfully updated.
2014-12-10 17:06:45,389 INFO - The update to the webclient.classpath file is scomplete.
2014-12-10 17:06:45,389 INFO - Removing non installed components from the DeploymentPackaging file.
2014-12-10 17:06:45,389 INFO - Removing uninistalled components from the deploiyment_packaging.xml file.
2014-12-10 17:06:45,389 INFO - The deployment_packaging.xml file has been successfully updated.
2014-12-10 17:06:45,389 INFO - The DeploymentPackaging has been successfully updated.
2014-12-10 17:06:45,389 INFO - The update to the Cúram files has completed.
2014-12-10 17:06:45,389 INFO - Create the environment batch file.
2014-12-10 17:06:45,405 INFO - Setting ' CLIENT_COMPONENT_ORDER ' to ' custom,PlatformConfig,CommonIntake,Intake,ReferralsLite,CPMReferralsLite,PCR,CREOLEProgramRecommendation,SummaryViews,CitizenContextViewer,CitizenAccount,WorkspaceServices,CitizenWorkspace,CitizenWorkspaceAdmin,FundPM,DecisionAssist,CPM,CPMExternalSecure,CPMExternalNonSecure,CPMSample,ProviderServicePlan,DynamicEvidence,CEFWidgets,IntelligentEvidenceGathering,Datastore,Editors,SupervisorWorkspace,Verification,ServicePlans,sample,CTMInfrastructure,SamplePublicAccess,SamplePublicAccessExternal,EvidenceBroker,CuramFinancialAdapter,CuramMDAdapter,Advisor,EvidenceSharing,PDC,EvidenceFlow,EventAdaptor,ValidationManager '.
2014-12-10 17:06:45,420 INFO - Setting ' SERVER_COMPONENT_ORDER ' to ' custom,PlatformConfig,CommonIntake,Intake,ReferralsLite,CPMReferralsLite,PCR,CREOLEProgramRecommendation,SummaryViews,CitizenWorkspace,CitizenContextViewer,WorkspaceServices,CitizenWorkspaceAdmin,FundPM,DecisionAssist,CPMSample,CPM,ProviderServicePlan,DynamicEvidence,CEFWidgets,CMISInfrastructure,CMIS,IntelligentEvidenceGathering,Datastore,Editors,SupervisorWorkspace,Verification,ServicePlans,sample,CTMInfrastructure,SamplePublicAccess,PersistenceInfrastructure,EvidenceBroker,CuramFinancialAdapter,CuramMDAdapter,CREOLEInfrastructure,Advisor,EvidenceSharing,PDC,EvidenceFlow,PFMAppViews,Workflow,ValidationManager,EventAdaptor '.
2014-12-10 17:06:45,420 INFO - The environment batch file has been created successfully.
2014-12-10 17:06:45,420 INFO - Setting ' CLIENT_COMPONENT_ORDER ' to ' custom,PlatformConfig,CommonIntake,Intake,ReferralsLite,CPMReferralsLite,PCR,CREOLEProgramRecommendation,SummaryViews,CitizenContextViewer,CitizenAccount,WorkspaceServices,CitizenWorkspace,CitizenWorkspaceAdmin,FundPM,DecisionAssist,CPM,CPMExternalSecure,CPMExternalNonSecure,CPMSample,ProviderServicePlan,DynamicEvidence,CEFWidgets,IntelligentEvidenceGathering,Datastore,Editors,SupervisorWorkspace,Verification,ServicePlans,sample,CTMInfrastructure,SamplePublicAccess,SamplePublicAccessExternal,EvidenceBroker,CuramFinancialAdapter,CuramMDAdapter,Advisor,EvidenceSharing,PDC,EvidenceFlow,EventAdaptor,ValidationManager '.
2014-12-10 17:06:45,420 INFO - Setting ' SERVER_COMPONENT_ORDER ' to ' custom,PlatformConfig,CommonIntake,Intake,ReferralsLite,CPMReferralsLite,PCR,CREOLEProgramRecommendation,SummaryViews,CitizenWorkspace,CitizenContextViewer,WorkspaceServices,CitizenWorkspaceAdmin,FundPM,DecisionAssist,CPMSample,CPM,ProviderServicePlan,DynamicEvidence,CEFWidgets,CMISInfrastructure,CMIS,IntelligentEvidenceGathering,Datastore,Editors,SupervisorWorkspace,Verification,ServicePlans,sample,CTMInfrastructure,SamplePublicAccess,PersistenceInfrastructure,EvidenceBroker,CuramFinancialAdapter,CuramMDAdapter,CREOLEInfrastructure,Advisor,EvidenceSharing,PDC,EvidenceFlow,PFMAppViews,Workflow,ValidationManager,EventAdaptor '.
2014-12-10 17:06:45,420 INFO - The environment batch file has been created successfully.
2014-12-10 17:06:45,420 INFO - Removing temporary files from disk.
2014-12-10 17:06:45,420 INFO - Temporary files have been removed.
2014-12-10 17:06:45,436 INFO - Processing Complete! Click "Next" to Continue.
2014-12-10 17:27:12,889 INFO - LoggingInitialized
2014-12-10 17:27:12,889 INFO - 
2014-12-10 17:27:12,889 INFO - Cúram Application Information
2014-12-10 17:27:12,889 INFO - IBM Cúram Software
2014-12-10 17:27:12,889 INFO - 6.0.5.5 Fix Pack
2014-12-10 17:27:12,889 INFO - No License Files shipped with installer. LAP skipped.
2014-12-10 17:27:12,889 INFO - LoggingInitialized
2014-12-10 17:27:12,889 INFO - 
2014-12-10 17:27:12,889 INFO - Cúram Application Information
2014-12-10 17:27:12,889 INFO - IBM Cúram Software
2014-12-10 17:27:12,889 INFO - 6.0.5.5 Fix Pack
2014-12-10 17:27:13,092 INFO - Pre-installation Checks Complete.
2014-12-10 17:27:44,264 INFO - Calculate the list of installed and non-installed components.
2014-12-10 17:27:44,280 INFO - The calculation of installed and non-installed components has successfully completed.
2014-12-10 17:27:44,295 INFO - Documenting installed components.
2014-12-10 17:27:44,655 INFO - The installed components has been successfully documented.
2014-12-10 17:27:44,655 INFO - Documenting installation history.
2014-12-10 17:27:44,655 INFO - The Installhistory.txt has been successfully documented.
2014-12-10 17:27:44,655 INFO - Removing temporary files from disk.
2014-12-10 17:27:44,655 INFO - Temporary files have been removed.
2014-12-10 17:27:44,655 INFO - Processing Complete! Click "Next" to Continue.
