D:\Qatar\MOLSABugFix2\Development\EJBServer\components\Advisor\doc\api.zip
D:\Qatar\MOLSABugFix2\Development\webclient\components\Advisor\WebContent\WEB-INF\lib\2_Advisor_struct.jar
D:\Qatar\MOLSABugFix2\Development\EJBServer\components\Advisor\lib\Advisor.jar
D:\Qatar\MOLSABugFix2\Development\EJBServer\components\CitizenWorkspaceAdmin\lib\CitizenWorkspaceAdmin.jar
D:\Qatar\MOLSABugFix2\Development\EJBServer\components\CitizenWorkspaceAdmin\doc\api.zip
D:\Qatar\MOLSABugFix2\Development\webclient\components\CitizenWorkspaceAdmin\WebContent\WEB-INF\lib\CitizenWorkspaceAdmin_javasource.jar
D:\Qatar\MOLSABugFix2\Development\webclient\components\CitizenWorkspaceAdmin\WebContent\WEB-INF\lib\2_CitizenWorkspaceAdmin_struct.jar
D:\Qatar\MOLSABugFix2\Development\EJBServer\components\CMIS\lib\CMIS.jar
D:\Qatar\MOLSABugFix2\Development\webclient\components\CMIS\WebContent\WEB-INF\lib\2_CMIS_struct.jar
D:\Qatar\MOLSABugFix2\Development\EJBServer\components\core\lib\AgendaUtil.jar
D:\Qatar\MOLSABugFix2\Development\EJBServer\components\core\doc\api.zip
D:\Qatar\MOLSABugFix2\Development\EJBServer\components\core\sample\src.zip
D:\Qatar\MOLSABugFix2\Development\EJBServer\components\core\sample\src.zip
D:\Qatar\MOLSABugFix2\Development\EJBServer\components\core\lib\core.jar
D:\Qatar\MOLSABugFix2\Development\webclient\components\core\WebContent\WEB-INF\lib\2_core_struct.jar
D:\Qatar\MOLSABugFix2\Development\webclient\components\core\WebContent\WEB-INF\lib\core_javasource.jar
D:\Qatar\MOLSABugFix2\Development\webclient\components\CuramFinancialAdapter\WebContent\WEB-INF\lib\2_CuramFinancialAdapter_struct.jar
D:\Qatar\MOLSABugFix2\Development\EJBServer\components\CuramFinancialAdapter\lib\CuramFinancialAdapter.jar
D:\Qatar\MOLSABugFix2\Development\webclient\components\CuramMDAdapter\WebContent\WEB-INF\lib\2_CuramMDAdapter_struct.jar
D:\Qatar\MOLSABugFix2\Development\EJBServer\components\CuramMDAdapter\lib\CuramMDAdapter.jar
D:\Qatar\MOLSABugFix2\Development\webclient\components\Datastore\WebContent\WEB-INF\lib\2_Datastore_struct.jar
D:\Qatar\MOLSABugFix2\Development\EJBServer\components\Datastore\lib\Datastore.jar
D:\Qatar\MOLSABugFix2\Development\EJBServer\components\Datastore\doc\api.zip
D:\Qatar\MOLSABugFix2\Development\webclient\components\Datastore\WebContent\WEB-INF\lib\Datastore_javasource.jar
D:\Qatar\MOLSABugFix2\Development\webclient\components\DynamicEvidence\WebContent\WEB-INF\lib\2_DynamicEvidence_struct.jar
D:\Qatar\MOLSABugFix2\Development\webclient\components\DynamicEvidence\WebContent\WEB-INF\lib\DynamicEvidence_javasource.jar
D:\Qatar\MOLSABugFix2\Development\EJBServer\components\DynamicEvidence\lib\DynamicEvidence.jar
D:\Qatar\MOLSABugFix2\Development\EJBServer\components\DynamicEvidence\doc\api.zip
D:\Qatar\MOLSABugFix2\Development\EJBServer\components\Editors\lib\Editors.jar
D:\Qatar\MOLSABugFix2\Development\webclient\components\Editors\WebContent\DecisionMatrix\DecisionMatrixEditor.swf
D:\Qatar\MOLSABugFix2\Development\webclient\components\Editors\WebContent\WEB-INF\lib\Editors_javasource.jar
D:\Qatar\MOLSABugFix2\Development\webclient\components\Editors\WebContent\CER\CERTEditor.swf
D:\Qatar\MOLSABugFix2\Development\webclient\components\EvidenceBroker\WebContent\WEB-INF\lib\2_EvidenceBroker_struct.jar
D:\Qatar\MOLSABugFix2\Development\EJBServer\components\EvidenceBroker\lib\EvidenceBroker.jar
D:\Qatar\MOLSABugFix2\Development\EJBServer\components\EvidenceBroker\doc\api.zip
D:\Qatar\MOLSABugFix2\Development\EJBServer\components\EvidenceBroker\sample\src.zip
D:\Qatar\MOLSABugFix2\Development\EJBServer\components\EvidenceFlow\sample\src.zip
D:\Qatar\MOLSABugFix2\Development\webclient\components\EvidenceFlow\WebContent\WEB-INF\lib\2_EvidenceFlow_struct.jar
D:\Qatar\MOLSABugFix2\Development\EJBServer\components\EvidenceFlow\lib\EvidenceFlow.jar
D:\Qatar\MOLSABugFix2\Development\EJBServer\components\EvidenceSharing\lib\EvidenceSharing.jar
D:\Qatar\MOLSABugFix2\Development\EJBServer\components\EvidenceSharing\doc\api.zip
D:\Qatar\MOLSABugFix2\Development\webclient\components\EvidenceSharing\WebContent\WEB-INF\lib\2_EvidenceSharing_struct.jar
D:\Qatar\MOLSABugFix2\Development\webclient\components\IntelligentEvidenceGathering\WebContent\WEB-INF\lib\IntelligentEvidenceGathering_javasource.jar
D:\Qatar\MOLSABugFix2\Development\webclient\components\IntelligentEvidenceGathering\WebContent\ieg\flex\DatastoreEditor.swf
D:\Qatar\MOLSABugFix2\Development\webclient\components\IntelligentEvidenceGathering\WebContent\ieg\flex\IEG2Editor.swf
D:\Qatar\MOLSABugFix2\Development\EJBServer\components\IntelligentEvidenceGathering\lib\IntelligentEvidenceGathering.jar
D:\Qatar\MOLSABugFix2\Development\webclient\components\IntelligentEvidenceGathering\WebContent\WEB-INF\lib\2_IntelligentEvidenceGathering_struct.jar
D:\Qatar\MOLSABugFix2\Development\EJBServer\components\IntelligentEvidenceGathering\doc\api.zip
D:\Qatar\MOLSABugFix2\Development\webclient\components\PDC\WebContent\WEB-INF\lib\2_PDC_struct.jar
D:\Qatar\MOLSABugFix2\Development\EJBServer\components\PDC\lib\PDC.jar
D:\Qatar\MOLSABugFix2\Development\EJBServer\components\PDC\doc\api.zip
D:\Qatar\MOLSABugFix2\Development\EJBServer\components\sample\lib\sample.jar
D:\Qatar\MOLSABugFix2\Development\webclient\components\sample\WebContent\WEB-INF\lib\2_sample_struct.jar
D:\Qatar\MOLSABugFix2\Development\EJBServer\components\sample\sample\src.zip
D:\Qatar\MOLSABugFix2\Development\webclient\components\SamplePublicAccess\WebContent\WEB-INF\lib\2_SamplePublicAccess_struct.jar
D:\Qatar\MOLSABugFix2\Development\EJBServer\components\SamplePublicAccess\lib\SamplePublicAccess.jar
D:\Qatar\MOLSABugFix2\Development\EJBServer\components\SamplePublicAccess\sample\src.zip
D:\Qatar\MOLSABugFix2\Development\EJBServer\components\ServicePlans\lib\ServicePlans.jar
D:\Qatar\MOLSABugFix2\Development\EJBServer\components\ServicePlans\sample\src.zip
D:\Qatar\MOLSABugFix2\Development\webclient\components\ServicePlans\WebContent\WEB-INF\lib\2_ServicePlans_struct.jar
D:\Qatar\MOLSABugFix2\Development\EJBServer\components\ServicePlans\doc\api.zip
D:\Qatar\MOLSABugFix2\Development\EJBServer\components\SupervisorWorkspace\doc\api.zip
D:\Qatar\MOLSABugFix2\Development\EJBServer\components\SupervisorWorkspace\sample\src.zip
D:\Qatar\MOLSABugFix2\Development\EJBServer\components\SupervisorWorkspace\lib\SupervisorWorkspace.jar
D:\Qatar\MOLSABugFix2\Development\webclient\components\SupervisorWorkspace\WebContent\WEB-INF\lib\2_SupervisorWorkspace_struct.jar
D:\Qatar\MOLSABugFix2\Development\EJBServer\components\Verification\sample\src.zip
D:\Qatar\MOLSABugFix2\Development\webclient\components\Verification\WebContent\WEB-INF\lib\2_Verification_struct.jar
D:\Qatar\MOLSABugFix2\Development\EJBServer\components\Verification\doc\api.zip
D:\Qatar\MOLSABugFix2\Development\EJBServer\components\Verification\lib\Verification.jar
D:\Qatar\MOLSABugFix2\Development\EJBServer\components\Workflow\doc\api.zip
D:\Qatar\MOLSABugFix2\Development\EJBServer\components\Workflow\lib\Workflow.jar
D:\Qatar\MOLSABugFix2\Development\EJBServer\components\WorkspaceServices\lib\WorkspaceServices_webservices.jar
D:\Qatar\MOLSABugFix2\Development\EJBServer\components\WorkspaceServices\doc\api.zip
D:\Qatar\MOLSABugFix2\Development\webclient\components\WorkspaceServices\WebContent\WEB-INF\lib\2_WorkspaceServices_struct.jar
D:\Qatar\MOLSABugFix2\Development\EJBServer\components\WorkspaceServices\lib\WorkspaceServices.jar
D:\Qatar\MOLSABugFix2\Development\webclient\components\WorkspaceServices\WebContent\WEB-INF\lib\WorkspaceServices_javasource.jar
D:\Qatar\MOLSABugFix2\Development\webclient\components\CitizenWorkspace\WebContent\CDEJ\jscript\dojotk\dojo\nls\cwtk-layer_it.js.uncompressed.js
D:\Qatar\MOLSABugFix2\Development\webclient\components\CitizenWorkspace\WebContent\CDEJ\jscript\dojotk\dojo\nls\cwtk-layer_zh-tw.js.uncompressed.js
D:\Qatar\MOLSABugFix2\Development\EJBServer\components\CitizenWorkspace\data\initial\blob\prop\ProviderServiceModal.properties
D:\Qatar\MOLSABugFix2\Development\webclient\components\CitizenWorkspace\WebContent\CDEJ\jscript\dojotk\dojo\nls\cwtk-layer_ko.js.uncompressed.js
D:\Qatar\MOLSABugFix2\Development\webclient\components\CitizenWorkspace\WebContent\CDEJ\jscript\dojotk\dojo\nls\cwtk-layer_ROOT.js.uncompressed.js
D:\Qatar\MOLSABugFix2\Development\EJBServer\components\CitizenWorkspace\tab\CitizenAccountApp\CITWSAPP.properties
D:\Qatar\MOLSABugFix2\Development\EJBServer\components\CitizenWorkspace\doc\api.zip
D:\Qatar\MOLSABugFix2\Development\EJBServer\components\CitizenWorkspace\data\initial\blob\prop\OnlineAppealRequestMessage.properties
D:\Qatar\MOLSABugFix2\Development\webclient\components\CitizenWorkspace\WebContent\CDEJ\jscript\dojotk\dojo\nls\cwtk-layer_ja.js.uncompressed.js
D:\Qatar\MOLSABugFix2\Development\webclient\components\CitizenWorkspace\WebContent\CDEJ\jscript\dojotk\dojo\nls\cwtk-layer_de.js.uncompressed.js
D:\Qatar\MOLSABugFix2\Development\webclient\components\CitizenWorkspace\WebContent\CDEJ\jscript\dojotk\dojo\nls\cwtk-layer_pt-br.js.uncompressed.js
D:\Qatar\MOLSABugFix2\Development\webclient\components\CitizenWorkspace\WebContent\WEB-INF\lib\CitizenWorkspace_javasource.jar
D:\Qatar\MOLSABugFix2\Development\webclient\components\CitizenWorkspace\WebContent\CDEJ\jscript\cwtk-layer.js
D:\Qatar\MOLSABugFix2\Development\webclient\components\CitizenWorkspace\WebContent\CDEJ\jscript\dojotk\dojo\nls\cwtk-layer_es.js.uncompressed.js
D:\Qatar\MOLSABugFix2\Development\webclient\components\CitizenWorkspace\WebContent\WEB-INF\lib\2_CitizenWorkspace_struct.jar
D:\Qatar\MOLSABugFix2\Development\webclient\components\CitizenWorkspace\WebContent\CDEJ\jscript\dojotk\dojo\nls\cwtk-layer_zh-cn.js.uncompressed.js
D:\Qatar\MOLSABugFix2\Development\webclient\components\CitizenWorkspace\WebContent\CDEJ\jscript\dojotk\dojo\nls\cwtk-layer_fr.js.uncompressed.js
D:\Qatar\MOLSABugFix2\Development\EJBServer\components\CitizenWorkspace\lib\CitizenWorkspace.jar
D:\Qatar\MOLSABugFix2\Development\webclient\components\CitizenWorkspace\WebContent\CDEJ\jscript\cwtk-layer.js.uncompressed.js
D:\Qatar\MOLSABugFix2\Development\webclient\components\CitizenAccount\WebContent\WEB-INF\lib\CitizenAccount_javasource.jar
D:\Qatar\MOLSABugFix2\Development\Installer\moveObsoleteFiles.xml
D:\Qatar\MOLSABugFix2\Development\Installer\moveObsoleteFiles.bat
D:\Qatar\MOLSABugFix2\Development\Installer\moveObsoleteFiles.sh
D:\Qatar\MOLSABugFix2\Development\webclient\components\IEGAdmin\WebContent\WEB-INF\lib\IEGAdmin_javasource.jar
D:\Qatar\MOLSABugFix2\Development\Uninstaller\uninstaller.jar